{"/home/xnzf/.code/this/heavylift/scripts/colorSchemeGenerator.ts": {"path":"/home/xnzf/.code/this/heavylift/scripts/colorSchemeGenerator.ts","statementMap":{"0":{"start":{"line":19,"column":22},"end":{"line":19,"column":null}},"1":{"start":{"line":20,"column":13},"end":{"line":20,"column":null}},"2":{"start":{"line":21,"column":2},"end":{"line":21,"column":null}}},"fnMap":{"0":{"name":"exportColorSchemeToJson","decl":{"start":{"line":15,"column":22},"end":{"line":15,"column":null}},"loc":{"start":{"line":18,"column":17},"end":{"line":22,"column":null}},"line":18}},"branchMap":{"0":{"loc":{"start":{"line":17,"column":2},"end":{"line":17,"column":null}},"type":"default-arg","locations":[{"start":{"line":17,"column":21},"end":{"line":17,"column":null}}],"line":17}},"s":{"0":2,"1":2,"2":2},"f":{"0":2},"b":{"0":[2]},"meta":{"lastBranch":1,"lastFunction":1,"lastStatement":3,"seen":{"f:15:22:15:Infinity":0,"b:17:21:17:Infinity":0,"s:19:22:19:Infinity":0,"s:20:13:20:Infinity":1,"s:21:2:21:Infinity":2}}}
,"/home/xnzf/.code/this/heavylift/scripts/core.ts": {"path":"/home/xnzf/.code/this/heavylift/scripts/core.ts","statementMap":{"0":{"start":{"line":21,"column":24},"end":{"line":26,"column":null}},"1":{"start":{"line":29,"column":19},"end":{"line":29,"column":null}},"2":{"start":{"line":30,"column":22},"end":{"line":44,"column":null}},"3":{"start":{"line":45,"column":31},"end":{"line":52,"column":null}},"4":{"start":{"line":53,"column":20},"end":{"line":53,"column":null}},"5":{"start":{"line":72,"column":4},"end":{"line":74,"column":null}},"6":{"start":{"line":76,"column":2},"end":{"line":76,"column":null}},"7":{"start":{"line":83,"column":18},"end":{"line":83,"column":null}},"8":{"start":{"line":84,"column":16},"end":{"line":86,"column":null}},"9":{"start":{"line":88,"column":2},"end":{"line":93,"column":null}},"10":{"start":{"line":102,"column":8},"end":{"line":102,"column":null}},"11":{"start":{"line":103,"column":24},"end":{"line":103,"column":null}},"12":{"start":{"line":104,"column":23},"end":{"line":104,"column":null}},"13":{"start":{"line":105,"column":20},"end":{"line":107,"column":null}},"14":{"start":{"line":109,"column":23},"end":{"line":124,"column":null}},"15":{"start":{"line":110,"column":19},"end":{"line":114,"column":null}},"16":{"start":{"line":115,"column":4},"end":{"line":117,"column":null}},"17":{"start":{"line":116,"column":7},"end":{"line":117,"column":null}},"18":{"start":{"line":118,"column":4},"end":{"line":120,"column":null}},"19":{"start":{"line":119,"column":7},"end":{"line":120,"column":null}},"20":{"start":{"line":121,"column":5},"end":{"line":122,"column":null}},"21":{"start":{"line":123,"column":4},"end":{"line":123,"column":null}},"22":{"start":{"line":126,"column":17},"end":{"line":129,"column":null}},"23":{"start":{"line":131,"column":41},"end":{"line":131,"column":null}},"24":{"start":{"line":133,"column":2},"end":{"line":197,"column":null}},"25":{"start":{"line":134,"column":21},"end":{"line":136,"column":null}},"26":{"start":{"line":135,"column":6},"end":{"line":135,"column":null}},"27":{"start":{"line":138,"column":4},"end":{"line":154,"column":null}},"28":{"start":{"line":140,"column":8},"end":{"line":140,"column":null}},"29":{"start":{"line":141,"column":6},"end":{"line":141,"column":null}},"30":{"start":{"line":142,"column":6},"end":{"line":145,"column":null}},"31":{"start":{"line":146,"column":6},"end":{"line":149,"column":null}},"32":{"start":{"line":150,"column":6},"end":{"line":153,"column":null}},"33":{"start":{"line":156,"column":4},"end":{"line":161,"column":null}},"34":{"start":{"line":160,"column":6},"end":{"line":160,"column":null}},"35":{"start":{"line":163,"column":4},"end":{"line":182,"column":null}},"36":{"start":{"line":165,"column":8},"end":{"line":165,"column":null}},"37":{"start":{"line":166,"column":6},"end":{"line":169,"column":null}},"38":{"start":{"line":170,"column":6},"end":{"line":173,"column":null}},"39":{"start":{"line":174,"column":6},"end":{"line":177,"column":null}},"40":{"start":{"line":178,"column":6},"end":{"line":181,"column":null}},"41":{"start":{"line":184,"column":22},"end":{"line":188,"column":null}},"42":{"start":{"line":190,"column":4},"end":{"line":196,"column":null}},"43":{"start":{"line":191,"column":21},"end":{"line":191,"column":null}},"44":{"start":{"line":192,"column":6},"end":{"line":192,"column":null}},"45":{"start":{"line":193,"column":6},"end":{"line":193,"column":null}},"46":{"start":{"line":194,"column":6},"end":{"line":194,"column":null}},"47":{"start":{"line":195,"column":6},"end":{"line":195,"column":null}},"48":{"start":{"line":199,"column":2},"end":{"line":199,"column":null}},"49":{"start":{"line":205,"column":18},"end":{"line":205,"column":null}},"50":{"start":{"line":206,"column":18},"end":{"line":208,"column":null}},"51":{"start":{"line":207,"column":27},"end":{"line":207,"column":50}},"52":{"start":{"line":209,"column":2},"end":{"line":209,"column":null}},"53":{"start":{"line":217,"column":2},"end":{"line":219,"column":null}},"54":{"start":{"line":218,"column":4},"end":{"line":218,"column":null}},"55":{"start":{"line":221,"column":22},"end":{"line":226,"column":null}},"56":{"start":{"line":228,"column":15},"end":{"line":228,"column":null}},"57":{"start":{"line":229,"column":14},"end":{"line":229,"column":null}},"58":{"start":{"line":231,"column":2},"end":{"line":231,"column":null}}},"fnMap":{"0":{"name":"getRole","decl":{"start":{"line":67,"column":9},"end":{"line":67,"column":null}},"loc":{"start":{"line":70,"column":10},"end":{"line":77,"column":null}},"line":70},"1":{"name":"generateSemanticRoles","decl":{"start":{"line":79,"column":9},"end":{"line":79,"column":null}},"loc":{"start":{"line":82,"column":26},"end":{"line":94,"column":null}},"line":82},"2":{"name":"generateColorScheme","decl":{"start":{"line":96,"column":16},"end":{"line":96,"column":null}},"loc":{"start":{"line":101,"column":15},"end":{"line":200,"column":null}},"line":101},"3":{"name":"(anonymous_3)","decl":{"start":{"line":109,"column":23},"end":{"line":109,"column":24}},"loc":{"start":{"line":109,"column":44},"end":{"line":124,"column":null}},"line":109},"4":{"name":"(anonymous_4)","decl":{"start":{"line":134,"column":21},"end":{"line":134,"column":22}},"loc":{"start":{"line":134,"column":53},"end":{"line":136,"column":null}},"line":134},"5":{"name":"generateCssCustomProperties","decl":{"start":{"line":202,"column":16},"end":{"line":202,"column":null}},"loc":{"start":{"line":204,"column":10},"end":{"line":210,"column":null}},"line":204},"6":{"name":"(anonymous_6)","decl":{"start":{"line":207,"column":9},"end":{"line":207,"column":10}},"loc":{"start":{"line":207,"column":27},"end":{"line":207,"column":50}},"line":207},"7":{"name":"generateColorSchemeFromColors","decl":{"start":{"line":212,"column":16},"end":{"line":212,"column":46}},"loc":{"start":{"line":216,"column":2},"end":{"line":232,"column":null}},"line":216}},"branchMap":{"0":{"loc":{"start":{"line":84,"column":16},"end":{"line":86,"column":null}},"type":"cond-expr","locations":[{"start":{"line":85,"column":6},"end":{"line":85,"column":null}},{"start":{"line":86,"column":6},"end":{"line":86,"column":null}}],"line":84},"1":{"loc":{"start":{"line":103,"column":24},"end":{"line":103,"column":null}},"type":"cond-expr","locations":[{"start":{"line":103,"column":24},"end":{"line":103,"column":55}},{"start":{"line":103,"column":55},"end":{"line":103,"column":null}}],"line":103},"2":{"loc":{"start":{"line":104,"column":23},"end":{"line":104,"column":null}},"type":"cond-expr","locations":[{"start":{"line":104,"column":23},"end":{"line":104,"column":54}},{"start":{"line":104,"column":54},"end":{"line":104,"column":null}}],"line":104},"3":{"loc":{"start":{"line":105,"column":20},"end":{"line":107,"column":null}},"type":"cond-expr","locations":[{"start":{"line":105,"column":20},"end":{"line":106,"column":null}},{"start":{"line":107,"column":6},"end":{"line":107,"column":null}}],"line":105},"4":{"loc":{"start":{"line":115,"column":4},"end":{"line":117,"column":null}},"type":"if","locations":[{"start":{"line":115,"column":4},"end":{"line":117,"column":null}},{"start":{},"end":{}}],"line":115},"5":{"loc":{"start":{"line":118,"column":4},"end":{"line":120,"column":null}},"type":"if","locations":[{"start":{"line":118,"column":4},"end":{"line":120,"column":null}},{"start":{},"end":{}}],"line":118},"6":{"loc":{"start":{"line":217,"column":2},"end":{"line":219,"column":null}},"type":"if","locations":[{"start":{"line":217,"column":2},"end":{"line":219,"column":null}},{"start":{},"end":{}}],"line":217},"7":{"loc":{"start":{"line":217,"column":6},"end":{"line":217,"column":48}},"type":"binary-expr","locations":[{"start":{"line":217,"column":6},"end":{"line":217,"column":29}},{"start":{"line":217,"column":29},"end":{"line":217,"column":48}}],"line":217}},"s":{"0":1,"1":1,"2":1,"3":1,"4":1,"5":564,"6":564,"7":36,"8":36,"9":36,"10":6,"11":6,"12":6,"13":6,"14":6,"15":12,"16":12,"17":2,"18":12,"19":2,"20":12,"21":12,"22":6,"23":6,"24":6,"25":12,"26":708,"27":12,"28":48,"29":48,"30":48,"31":48,"32":48,"33":12,"34":228,"35":12,"36":36,"37":36,"38":36,"39":36,"40":36,"41":12,"42":12,"43":36,"44":36,"45":36,"46":36,"47":36,"48":6,"49":1,"50":1,"51":118,"52":1,"53":3,"54":2,"55":1,"56":1,"57":1,"58":1},"f":{"0":564,"1":36,"2":6,"3":12,"4":708,"5":1,"6":118,"7":3},"b":{"0":[18,18],"1":[1,5],"2":[1,5],"3":[1,5],"4":[2,10],"5":[2,10],"6":[2,1],"7":[3,2]},"meta":{"lastBranch":8,"lastFunction":8,"lastStatement":59,"seen":{"s:21:24:26:Infinity":0,"s:29:19:29:Infinity":1,"s:30:22:44:Infinity":2,"s:45:31:52:Infinity":3,"s:53:20:53:Infinity":4,"f:67:9:67:Infinity":0,"s:72:4:74:Infinity":5,"s:76:2:76:Infinity":6,"f:79:9:79:Infinity":1,"s:83:18:83:Infinity":7,"s:84:16:86:Infinity":8,"b:85:6:85:Infinity:86:6:86:Infinity":0,"s:88:2:93:Infinity":9,"f:96:16:96:Infinity":2,"s:102:8:102:Infinity":10,"s:103:24:103:Infinity":11,"b:103:24:103:55:103:55:103:Infinity":1,"s:104:23:104:Infinity":12,"b:104:23:104:54:104:54:104:Infinity":2,"s:105:20:107:Infinity":13,"b:105:20:106:Infinity:107:6:107:Infinity":3,"s:109:23:124:Infinity":14,"f:109:23:109:24":3,"s:110:19:114:Infinity":15,"b:115:4:117:Infinity:undefined:undefined:undefined:undefined":4,"s:115:4:117:Infinity":16,"s:116:7:117:Infinity":17,"b:118:4:120:Infinity:undefined:undefined:undefined:undefined":5,"s:118:4:120:Infinity":18,"s:119:7:120:Infinity":19,"s:121:5:122:Infinity":20,"s:123:4:123:Infinity":21,"s:126:17:129:Infinity":22,"s:131:41:131:Infinity":23,"s:133:2:197:Infinity":24,"s:134:21:136:Infinity":25,"f:134:21:134:22":4,"s:135:6:135:Infinity":26,"s:138:4:154:Infinity":27,"s:140:8:140:Infinity":28,"s:141:6:141:Infinity":29,"s:142:6:145:Infinity":30,"s:146:6:149:Infinity":31,"s:150:6:153:Infinity":32,"s:156:4:161:Infinity":33,"s:160:6:160:Infinity":34,"s:163:4:182:Infinity":35,"s:165:8:165:Infinity":36,"s:166:6:169:Infinity":37,"s:170:6:173:Infinity":38,"s:174:6:177:Infinity":39,"s:178:6:181:Infinity":40,"s:184:22:188:Infinity":41,"s:190:4:196:Infinity":42,"s:191:21:191:Infinity":43,"s:192:6:192:Infinity":44,"s:193:6:193:Infinity":45,"s:194:6:194:Infinity":46,"s:195:6:195:Infinity":47,"s:199:2:199:Infinity":48,"f:202:16:202:Infinity":5,"s:205:18:205:Infinity":49,"s:206:18:208:Infinity":50,"f:207:9:207:10":6,"s:207:27:207:50":51,"s:209:2:209:Infinity":52,"f:212:16:212:46":7,"b:217:2:219:Infinity:undefined:undefined:undefined:undefined":6,"s:217:2:219:Infinity":53,"b:217:6:217:29:217:29:217:48":7,"s:218:4:218:Infinity":54,"s:221:22:226:Infinity":55,"s:228:15:228:Infinity":56,"s:229:14:229:Infinity":57,"s:231:2:231:Infinity":58}}}
}
